<?xml version="1.0" encoding="UTF-8"?>
<TestRun id="035acb8e-aa7b-46de-8d9e-51dcd3ec2aee" name="Alex@SKYCATCHER 2014-02-10 19:03:16" runUser="SKYCATCHER\Alex" xmlns="http://microsoft.com/schemas/VisualStudio/TeamTest/2010">
  <TestSettings name="Default Test Settings" id="c4f2f532-7457-4103-9755-8a8b6ad57b75">
    <Deployment userDeploymentRoot="L:\Repos\Slacker\Slacker\TestResults" useDefaultDeploymentRoot="false" runDeploymentRoot="Alex_SKYCATCHER 2014-02-10 19_03_16">
      <DeploymentItem filename="L:\Repos\Slacker\Slacker\Slacker\bin\Debug\Slacker.exe" />
    </Deployment>
    <Execution>
      <TestTypeSpecific />
      <AgentRule name="Execution Agents">
      </AgentRule>
    </Execution>
  </TestSettings>
  <Times creation="2014-02-10T19:03:16.9141261+10:00" queuing="2014-02-10T19:03:16.9611288+10:00" start="2014-02-10T19:03:16.9641289+10:00" finish="2014-02-10T19:03:17.0901362+10:00" />
  <ResultSummary outcome="Completed">
    <Counters total="1" executed="1" passed="1" error="0" failed="0" timeout="0" aborted="0" inconclusive="0" passedButRunAborted="0" notRunnable="0" notExecuted="0" disconnected="0" warning="0" completed="0" inProgress="0" pending="0" />
  </ResultSummary>
  <TestDefinitions>
    <UnitTest name="TimeEntryConstructorTest" storage="l:\repos\slacker\slackertest\slackertest\bin\debug\slackertest.dll" id="85e00895-cff5-7019-ac28-012a6dad24ff">
      <Execution id="d4edcd08-17d1-498e-91d4-c0c7d9f987cd" />
      <TestMethod codeBase="L:/Repos/Slacker/SlackerTest/SlackerTest/bin/Debug/SlackerTest.DLL" adapterTypeName="Microsoft.VisualStudio.TestTools.TestTypes.Unit.UnitTestAdapter, Microsoft.VisualStudio.QualityTools.Tips.UnitTest.Adapter, Version=10.0.0.0, Culture=neutral, PublicKeyToken=b03f5f7f11d50a3a" className="SlackerTest.TimeEntryTest, SlackerTest, Version=1.0.0.0, Culture=neutral, PublicKeyToken=null" name="TimeEntryConstructorTest" />
    </UnitTest>
  </TestDefinitions>
  <TestLists>
    <TestList name="Results Not in a List" id="8c84fa94-04c1-424b-9868-57a2d4851a1d" />
    <TestList name="All Loaded Results" id="19431567-8539-422a-85d7-44ee4e166bda" />
  </TestLists>
  <TestEntries>
    <TestEntry testId="85e00895-cff5-7019-ac28-012a6dad24ff" executionId="d4edcd08-17d1-498e-91d4-c0c7d9f987cd" testListId="8c84fa94-04c1-424b-9868-57a2d4851a1d" />
  </TestEntries>
  <Results>
    <UnitTestResult executionId="d4edcd08-17d1-498e-91d4-c0c7d9f987cd" testId="85e00895-cff5-7019-ac28-012a6dad24ff" testName="TimeEntryConstructorTest" computerName="SKYCATCHER" duration="00:00:00.0112380" startTime="2014-02-10T19:03:16.9651290+10:00" endTime="2014-02-10T19:03:17.0791355+10:00" testType="13cdc9d9-ddb5-4fa4-a97d-d965ccfc6d4b" outcome="Passed" testListId="8c84fa94-04c1-424b-9868-57a2d4851a1d" relativeResultsDirectory="d4edcd08-17d1-498e-91d4-c0c7d9f987cd">
    </UnitTestResult>
  </Results>
</TestRun>