<?xml version="1.0" encoding="UTF-8"?>
<TestRun id="72d9ecd8-0a81-4c0d-a2e8-5d239024b874" name="Alex@SKYCATCHER 2014-02-10 19:04:13" runUser="SKYCATCHER\Alex" xmlns="http://microsoft.com/schemas/VisualStudio/TeamTest/2010">
  <TestSettings name="Default Test Settings" id="e229b6fc-3416-4186-9ff5-227abea8846a">
    <Deployment runDeploymentRoot="Alex_SKYCATCHER 2014-02-10 19_04_13">
      <DeploymentItem filename="L:\Repos\Slacker\Slacker\Slacker\bin\Debug\Slacker.exe" />
    </Deployment>
    <Execution>
      <TestTypeSpecific />
      <AgentRule name="Execution Agents">
      </AgentRule>
    </Execution>
  </TestSettings>
  <Times creation="2014-02-10T19:04:13.7353761+10:00" queuing="2014-02-10T19:04:13.9043857+10:00" start="2014-02-10T19:04:13.9353875+10:00" finish="2014-02-10T19:04:14.2224039+10:00" />
  <ResultSummary outcome="Completed">
    <Counters total="6" executed="6" passed="6" error="0" failed="0" timeout="0" aborted="0" inconclusive="0" passedButRunAborted="0" notRunnable="0" notExecuted="0" disconnected="0" warning="0" completed="0" inProgress="0" pending="0" />
  </ResultSummary>
  <TestDefinitions>
    <UnitTest name="descriptionTest" storage="l:\repos\slacker\slackertest\slackertest\bin\debug\slackertest.dll" id="1515630d-dfcc-e989-ce78-8a06a9a18109">
      <Execution id="2f9d667d-59a4-4ed4-83fe-54854f51bf80" />
      <TestMethod codeBase="L:/Repos/Slacker/SlackerTest/SlackerTest/bin/Debug/SlackerTest.DLL" adapterTypeName="Microsoft.VisualStudio.TestTools.TestTypes.Unit.UnitTestAdapter, Microsoft.VisualStudio.QualityTools.Tips.UnitTest.Adapter, Version=10.0.0.0, Culture=neutral, PublicKeyToken=b03f5f7f11d50a3a" className="SlackerTest.TimeEntryTest, SlackerTest, Version=1.0.0.0, Culture=neutral, PublicKeyToken=null" name="descriptionTest" />
    </UnitTest>
    <UnitTest name="jobIdTest" storage="l:\repos\slacker\slackertest\slackertest\bin\debug\slackertest.dll" id="7bd46978-efe3-9a7a-c3e2-ac94d0f538c9">
      <Execution id="aa022d29-6261-4f7f-b621-5acb107cc7d7" />
      <TestMethod codeBase="L:/Repos/Slacker/SlackerTest/SlackerTest/bin/Debug/SlackerTest.DLL" adapterTypeName="Microsoft.VisualStudio.TestTools.TestTypes.Unit.UnitTestAdapter, Microsoft.VisualStudio.QualityTools.Tips.UnitTest.Adapter, Version=10.0.0.0, Culture=neutral, PublicKeyToken=b03f5f7f11d50a3a" className="SlackerTest.TimeEntryTest, SlackerTest, Version=1.0.0.0, Culture=neutral, PublicKeyToken=null" name="jobIdTest" />
    </UnitTest>
    <UnitTest name="TestMethod1" storage="l:\repos\slacker\slackertest\slackertest\bin\debug\slackertest.dll" id="70d25da6-e015-14d8-20bd-2af15a0e316b">
      <Execution id="bb8b0caa-2cef-4ced-8bba-436c50496861" />
      <TestMethod codeBase="L:/Repos/Slacker/SlackerTest/SlackerTest/bin/Debug/SlackerTest.DLL" adapterTypeName="Microsoft.VisualStudio.TestTools.TestTypes.Unit.UnitTestAdapter, Microsoft.VisualStudio.QualityTools.Tips.UnitTest.Adapter, Version=10.0.0.0, Culture=neutral, PublicKeyToken=b03f5f7f11d50a3a" className="SlackerTest.UnitTest1, SlackerTest, Version=1.0.0.0, Culture=neutral, PublicKeyToken=null" name="TestMethod1" />
    </UnitTest>
    <UnitTest name="hoursTest" storage="l:\repos\slacker\slackertest\slackertest\bin\debug\slackertest.dll" id="dc2ad5d8-9c1d-b42a-fbf8-9c97bedf3bd7">
      <Execution id="d25b67aa-8e71-43d8-a0b9-937158d1443f" />
      <TestMethod codeBase="L:/Repos/Slacker/SlackerTest/SlackerTest/bin/Debug/SlackerTest.DLL" adapterTypeName="Microsoft.VisualStudio.TestTools.TestTypes.Unit.UnitTestAdapter, Microsoft.VisualStudio.QualityTools.Tips.UnitTest.Adapter, Version=10.0.0.0, Culture=neutral, PublicKeyToken=b03f5f7f11d50a3a" className="SlackerTest.TimeEntryTest, SlackerTest, Version=1.0.0.0, Culture=neutral, PublicKeyToken=null" name="hoursTest" />
    </UnitTest>
    <UnitTest name="TimeEntryConstructorTest" storage="l:\repos\slacker\slackertest\slackertest\bin\debug\slackertest.dll" id="85e00895-cff5-7019-ac28-012a6dad24ff">
      <Execution id="437bebb0-44ba-4f98-8dc0-71a35ce68540" />
      <TestMethod codeBase="L:/Repos/Slacker/SlackerTest/SlackerTest/bin/Debug/SlackerTest.DLL" adapterTypeName="Microsoft.VisualStudio.TestTools.TestTypes.Unit.UnitTestAdapter, Microsoft.VisualStudio.QualityTools.Tips.UnitTest.Adapter, Version=10.0.0.0, Culture=neutral, PublicKeyToken=b03f5f7f11d50a3a" className="SlackerTest.TimeEntryTest, SlackerTest, Version=1.0.0.0, Culture=neutral, PublicKeyToken=null" name="TimeEntryConstructorTest" />
    </UnitTest>
    <UnitTest name="dayTest" storage="l:\repos\slacker\slackertest\slackertest\bin\debug\slackertest.dll" id="e6c5df60-e363-015d-5c16-215d0779b766">
      <Execution id="92a8e539-52b4-4364-8a64-a8eb530454b1" />
      <TestMethod codeBase="L:/Repos/Slacker/SlackerTest/SlackerTest/bin/Debug/SlackerTest.DLL" adapterTypeName="Microsoft.VisualStudio.TestTools.TestTypes.Unit.UnitTestAdapter, Microsoft.VisualStudio.QualityTools.Tips.UnitTest.Adapter, Version=10.0.0.0, Culture=neutral, PublicKeyToken=b03f5f7f11d50a3a" className="SlackerTest.TimeEntryTest, SlackerTest, Version=1.0.0.0, Culture=neutral, PublicKeyToken=null" name="dayTest" />
    </UnitTest>
  </TestDefinitions>
  <TestLists>
    <TestList name="Results Not in a List" id="8c84fa94-04c1-424b-9868-57a2d4851a1d" />
    <TestList name="All Loaded Results" id="19431567-8539-422a-85d7-44ee4e166bda" />
  </TestLists>
  <TestEntries>
    <TestEntry testId="1515630d-dfcc-e989-ce78-8a06a9a18109" executionId="2f9d667d-59a4-4ed4-83fe-54854f51bf80" testListId="8c84fa94-04c1-424b-9868-57a2d4851a1d" />
    <TestEntry testId="70d25da6-e015-14d8-20bd-2af15a0e316b" executionId="bb8b0caa-2cef-4ced-8bba-436c50496861" testListId="8c84fa94-04c1-424b-9868-57a2d4851a1d" />
    <TestEntry testId="7bd46978-efe3-9a7a-c3e2-ac94d0f538c9" executionId="aa022d29-6261-4f7f-b621-5acb107cc7d7" testListId="8c84fa94-04c1-424b-9868-57a2d4851a1d" />
    <TestEntry testId="85e00895-cff5-7019-ac28-012a6dad24ff" executionId="437bebb0-44ba-4f98-8dc0-71a35ce68540" testListId="8c84fa94-04c1-424b-9868-57a2d4851a1d" />
    <TestEntry testId="dc2ad5d8-9c1d-b42a-fbf8-9c97bedf3bd7" executionId="d25b67aa-8e71-43d8-a0b9-937158d1443f" testListId="8c84fa94-04c1-424b-9868-57a2d4851a1d" />
    <TestEntry testId="e6c5df60-e363-015d-5c16-215d0779b766" executionId="92a8e539-52b4-4364-8a64-a8eb530454b1" testListId="8c84fa94-04c1-424b-9868-57a2d4851a1d" />
  </TestEntries>
  <Results>
    <UnitTestResult executionId="2f9d667d-59a4-4ed4-83fe-54854f51bf80" testId="1515630d-dfcc-e989-ce78-8a06a9a18109" testName="descriptionTest" computerName="SKYCATCHER" duration="00:00:00.0110765" startTime="2014-02-10T19:04:13.9733897+10:00" endTime="2014-02-10T19:04:14.1814016+10:00" testType="13cdc9d9-ddb5-4fa4-a97d-d965ccfc6d4b" outcome="Passed" testListId="8c84fa94-04c1-424b-9868-57a2d4851a1d" relativeResultsDirectory="2f9d667d-59a4-4ed4-83fe-54854f51bf80">
    </UnitTestResult>
    <UnitTestResult executionId="bb8b0caa-2cef-4ced-8bba-436c50496861" testId="70d25da6-e015-14d8-20bd-2af15a0e316b" testName="TestMethod1" computerName="SKYCATCHER" duration="00:00:00.0001274" startTime="2014-02-10T19:04:14.1824016+10:00" endTime="2014-02-10T19:04:14.1844018+10:00" testType="13cdc9d9-ddb5-4fa4-a97d-d965ccfc6d4b" outcome="Passed" testListId="8c84fa94-04c1-424b-9868-57a2d4851a1d" relativeResultsDirectory="bb8b0caa-2cef-4ced-8bba-436c50496861">
    </UnitTestResult>
    <UnitTestResult executionId="aa022d29-6261-4f7f-b621-5acb107cc7d7" testId="7bd46978-efe3-9a7a-c3e2-ac94d0f538c9" testName="jobIdTest" computerName="SKYCATCHER" duration="00:00:00.0002086" startTime="2014-02-10T19:04:14.1854018+10:00" endTime="2014-02-10T19:04:14.1864019+10:00" testType="13cdc9d9-ddb5-4fa4-a97d-d965ccfc6d4b" outcome="Passed" testListId="8c84fa94-04c1-424b-9868-57a2d4851a1d" relativeResultsDirectory="aa022d29-6261-4f7f-b621-5acb107cc7d7">
    </UnitTestResult>
    <UnitTestResult executionId="437bebb0-44ba-4f98-8dc0-71a35ce68540" testId="85e00895-cff5-7019-ac28-012a6dad24ff" testName="TimeEntryConstructorTest" computerName="SKYCATCHER" duration="00:00:00.0012801" startTime="2014-02-10T19:04:14.1864019+10:00" endTime="2014-02-10T19:04:14.1894020+10:00" testType="13cdc9d9-ddb5-4fa4-a97d-d965ccfc6d4b" outcome="Passed" testListId="8c84fa94-04c1-424b-9868-57a2d4851a1d" relativeResultsDirectory="437bebb0-44ba-4f98-8dc0-71a35ce68540">
    </UnitTestResult>
    <UnitTestResult executionId="d25b67aa-8e71-43d8-a0b9-937158d1443f" testId="dc2ad5d8-9c1d-b42a-fbf8-9c97bedf3bd7" testName="hoursTest" computerName="SKYCATCHER" duration="00:00:00.0001763" startTime="2014-02-10T19:04:14.1904021+10:00" endTime="2014-02-10T19:04:14.1914022+10:00" testType="13cdc9d9-ddb5-4fa4-a97d-d965ccfc6d4b" outcome="Passed" testListId="8c84fa94-04c1-424b-9868-57a2d4851a1d" relativeResultsDirectory="d25b67aa-8e71-43d8-a0b9-937158d1443f">
    </UnitTestResult>
    <UnitTestResult executionId="92a8e539-52b4-4364-8a64-a8eb530454b1" testId="e6c5df60-e363-015d-5c16-215d0779b766" testName="dayTest" computerName="SKYCATCHER" duration="00:00:00.0001754" startTime="2014-02-10T19:04:14.1914022+10:00" endTime="2014-02-10T19:04:14.1934023+10:00" testType="13cdc9d9-ddb5-4fa4-a97d-d965ccfc6d4b" outcome="Passed" testListId="8c84fa94-04c1-424b-9868-57a2d4851a1d" relativeResultsDirectory="92a8e539-52b4-4364-8a64-a8eb530454b1">
    </UnitTestResult>
  </Results>
</TestRun>