<?xml version="1.0" encoding="UTF-8"?>
<TestRun id="e65e398e-6268-447a-bcb0-531692dfef32" name="Alex@SKYCATCHER 2014-02-10 19:02:03" runUser="SKYCATCHER\Alex" xmlns="http://microsoft.com/schemas/VisualStudio/TeamTest/2010">
  <TestSettings name="Default Test Settings" id="c4f2f532-7457-4103-9755-8a8b6ad57b75">
    <Deployment userDeploymentRoot="L:\Repos\Slacker\Slacker\TestResults" useDefaultDeploymentRoot="false" runDeploymentRoot="Alex_SKYCATCHER 2014-02-10 19_02_03">
      <DeploymentItem filename="L:\Repos\Slacker\Slacker\Slacker\bin\Debug\Slacker.exe" />
    </Deployment>
    <Execution>
      <TestTypeSpecific />
      <AgentRule name="Execution Agents">
      </AgentRule>
    </Execution>
  </TestSettings>
  <Times creation="2014-02-10T19:02:03.6259342+10:00" queuing="2014-02-10T19:02:03.6829375+10:00" start="2014-02-10T19:02:03.6869377+10:00" finish="2014-02-10T19:02:03.8289459+10:00" />
  <ResultSummary outcome="Failed">
    <Counters total="2" executed="2" passed="1" error="0" failed="1" timeout="0" aborted="0" inconclusive="0" passedButRunAborted="0" notRunnable="0" notExecuted="0" disconnected="0" warning="0" completed="0" inProgress="0" pending="0" />
  </ResultSummary>
  <TestDefinitions>
    <UnitTest name="dayTest" storage="l:\repos\slacker\slackertest\slackertest\bin\debug\slackertest.dll" id="e6c5df60-e363-015d-5c16-215d0779b766">
      <Execution id="430ee95d-63ac-4752-85f1-ccbe38955fc0" />
      <TestMethod codeBase="L:/Repos/Slacker/SlackerTest/SlackerTest/bin/Debug/SlackerTest.DLL" adapterTypeName="Microsoft.VisualStudio.TestTools.TestTypes.Unit.UnitTestAdapter, Microsoft.VisualStudio.QualityTools.Tips.UnitTest.Adapter, Version=10.0.0.0, Culture=neutral, PublicKeyToken=b03f5f7f11d50a3a" className="SlackerTest.TimeEntryTest, SlackerTest, Version=1.0.0.0, Culture=neutral, PublicKeyToken=null" name="dayTest" />
    </UnitTest>
    <UnitTest name="TimeEntryConstructorTest" storage="l:\repos\slacker\slackertest\slackertest\bin\debug\slackertest.dll" id="85e00895-cff5-7019-ac28-012a6dad24ff">
      <Execution id="59022a4d-8be0-47c3-80ff-c75b90621d30" />
      <TestMethod codeBase="L:/Repos/Slacker/SlackerTest/SlackerTest/bin/Debug/SlackerTest.DLL" adapterTypeName="Microsoft.VisualStudio.TestTools.TestTypes.Unit.UnitTestAdapter, Microsoft.VisualStudio.QualityTools.Tips.UnitTest.Adapter, Version=10.0.0.0, Culture=neutral, PublicKeyToken=b03f5f7f11d50a3a" className="SlackerTest.TimeEntryTest, SlackerTest, Version=1.0.0.0, Culture=neutral, PublicKeyToken=null" name="TimeEntryConstructorTest" />
    </UnitTest>
  </TestDefinitions>
  <TestLists>
    <TestList name="Results Not in a List" id="8c84fa94-04c1-424b-9868-57a2d4851a1d" />
    <TestList name="All Loaded Results" id="19431567-8539-422a-85d7-44ee4e166bda" />
  </TestLists>
  <TestEntries>
    <TestEntry testId="e6c5df60-e363-015d-5c16-215d0779b766" executionId="430ee95d-63ac-4752-85f1-ccbe38955fc0" testListId="8c84fa94-04c1-424b-9868-57a2d4851a1d" />
    <TestEntry testId="85e00895-cff5-7019-ac28-012a6dad24ff" executionId="59022a4d-8be0-47c3-80ff-c75b90621d30" testListId="8c84fa94-04c1-424b-9868-57a2d4851a1d" />
  </TestEntries>
  <Results>
    <UnitTestResult executionId="430ee95d-63ac-4752-85f1-ccbe38955fc0" testId="e6c5df60-e363-015d-5c16-215d0779b766" testName="dayTest" computerName="SKYCATCHER" duration="00:00:00.0111037" startTime="2014-02-10T19:02:03.6879378+10:00" endTime="2014-02-10T19:02:03.8049445+10:00" testType="13cdc9d9-ddb5-4fa4-a97d-d965ccfc6d4b" outcome="Passed" testListId="8c84fa94-04c1-424b-9868-57a2d4851a1d" relativeResultsDirectory="430ee95d-63ac-4752-85f1-ccbe38955fc0">
    </UnitTestResult>
    <UnitTestResult executionId="59022a4d-8be0-47c3-80ff-c75b90621d30" testId="85e00895-cff5-7019-ac28-012a6dad24ff" testName="TimeEntryConstructorTest" computerName="SKYCATCHER" duration="00:00:00.0137809" startTime="2014-02-10T19:02:03.8059445+10:00" endTime="2014-02-10T19:02:03.8209454+10:00" testType="13cdc9d9-ddb5-4fa4-a97d-d965ccfc6d4b" outcome="Failed" testListId="8c84fa94-04c1-424b-9868-57a2d4851a1d" relativeResultsDirectory="59022a4d-8be0-47c3-80ff-c75b90621d30">
      <Output>
        <ErrorInfo>
          <Message>Assert.AreEqual failed. Expected:&lt;1/01/0001 12:00:00 AM&gt;. Actual:&lt;10/02/2014 12:00:00 AM&gt;. </Message>
          <StackTrace>   at SlackerTest.TimeEntryTest.TimeEntryConstructorTest() in L:\Repos\Slacker\SlackerTest\SlackerTest\TimeEntryTest.cs:line 133
</StackTrace>
        </ErrorInfo>
      </Output>
    </UnitTestResult>
  </Results>
</TestRun>