<?xml version="1.0" encoding="UTF-8"?>
<TestRun id="fba1b441-1268-49c1-ab87-095fda7b4961" name="Alex@SKYCATCHER 2014-02-10 19:01:23" runUser="SKYCATCHER\Alex" xmlns="http://microsoft.com/schemas/VisualStudio/TeamTest/2010">
  <TestSettings name="Default Test Settings" id="c4f2f532-7457-4103-9755-8a8b6ad57b75">
    <Deployment userDeploymentRoot="L:\Repos\Slacker\Slacker\TestResults" useDefaultDeploymentRoot="false" runDeploymentRoot="Alex_SKYCATCHER 2014-02-10 19_01_23">
      <DeploymentItem filename="L:\Repos\Slacker\Slacker\Slacker\bin\Debug\Slacker.exe" />
    </Deployment>
    <Execution>
      <TestTypeSpecific />
      <AgentRule name="Execution Agents">
      </AgentRule>
    </Execution>
  </TestSettings>
  <Times creation="2014-02-10T19:01:23.9136628+10:00" queuing="2014-02-10T19:01:23.9646657+10:00" start="2014-02-10T19:01:23.9696660+10:00" finish="2014-02-10T19:01:24.1226748+10:00" />
  <ResultSummary outcome="Failed">
    <Counters total="5" executed="5" passed="3" error="0" failed="1" timeout="0" aborted="0" inconclusive="1" passedButRunAborted="0" notRunnable="0" notExecuted="0" disconnected="0" warning="0" completed="0" inProgress="0" pending="0" />
  </ResultSummary>
  <TestDefinitions>
    <UnitTest name="hoursTest" storage="l:\repos\slacker\slackertest\slackertest\bin\debug\slackertest.dll" id="dc2ad5d8-9c1d-b42a-fbf8-9c97bedf3bd7">
      <Execution id="2a91fcc8-6a22-43f2-a77f-3b1f250fbec5" />
      <TestMethod codeBase="L:/Repos/Slacker/SlackerTest/SlackerTest/bin/Debug/SlackerTest.DLL" adapterTypeName="Microsoft.VisualStudio.TestTools.TestTypes.Unit.UnitTestAdapter, Microsoft.VisualStudio.QualityTools.Tips.UnitTest.Adapter, Version=10.0.0.0, Culture=neutral, PublicKeyToken=b03f5f7f11d50a3a" className="SlackerTest.TimeEntryTest, SlackerTest, Version=1.0.0.0, Culture=neutral, PublicKeyToken=null" name="hoursTest" />
    </UnitTest>
    <UnitTest name="TimeEntryConstructorTest" storage="l:\repos\slacker\slackertest\slackertest\bin\debug\slackertest.dll" id="85e00895-cff5-7019-ac28-012a6dad24ff">
      <Execution id="48d3ae58-c647-4765-b054-3c6e8abacd82" />
      <TestMethod codeBase="L:/Repos/Slacker/SlackerTest/SlackerTest/bin/Debug/SlackerTest.DLL" adapterTypeName="Microsoft.VisualStudio.TestTools.TestTypes.Unit.UnitTestAdapter, Microsoft.VisualStudio.QualityTools.Tips.UnitTest.Adapter, Version=10.0.0.0, Culture=neutral, PublicKeyToken=b03f5f7f11d50a3a" className="SlackerTest.TimeEntryTest, SlackerTest, Version=1.0.0.0, Culture=neutral, PublicKeyToken=null" name="TimeEntryConstructorTest" />
    </UnitTest>
    <UnitTest name="jobIdTest" storage="l:\repos\slacker\slackertest\slackertest\bin\debug\slackertest.dll" id="7bd46978-efe3-9a7a-c3e2-ac94d0f538c9">
      <Execution id="ff31e775-f48f-44f8-b33a-b39aaca0b6a3" />
      <TestMethod codeBase="L:/Repos/Slacker/SlackerTest/SlackerTest/bin/Debug/SlackerTest.DLL" adapterTypeName="Microsoft.VisualStudio.TestTools.TestTypes.Unit.UnitTestAdapter, Microsoft.VisualStudio.QualityTools.Tips.UnitTest.Adapter, Version=10.0.0.0, Culture=neutral, PublicKeyToken=b03f5f7f11d50a3a" className="SlackerTest.TimeEntryTest, SlackerTest, Version=1.0.0.0, Culture=neutral, PublicKeyToken=null" name="jobIdTest" />
    </UnitTest>
    <UnitTest name="dayTest" storage="l:\repos\slacker\slackertest\slackertest\bin\debug\slackertest.dll" id="e6c5df60-e363-015d-5c16-215d0779b766">
      <Execution id="41a59b52-d524-49a8-b9ca-24b115884621" />
      <TestMethod codeBase="L:/Repos/Slacker/SlackerTest/SlackerTest/bin/Debug/SlackerTest.DLL" adapterTypeName="Microsoft.VisualStudio.TestTools.TestTypes.Unit.UnitTestAdapter, Microsoft.VisualStudio.QualityTools.Tips.UnitTest.Adapter, Version=10.0.0.0, Culture=neutral, PublicKeyToken=b03f5f7f11d50a3a" className="SlackerTest.TimeEntryTest, SlackerTest, Version=1.0.0.0, Culture=neutral, PublicKeyToken=null" name="dayTest" />
    </UnitTest>
    <UnitTest name="descriptionTest" storage="l:\repos\slacker\slackertest\slackertest\bin\debug\slackertest.dll" id="1515630d-dfcc-e989-ce78-8a06a9a18109">
      <Execution id="22044f7b-58eb-4bc2-94de-8728301cce60" />
      <TestMethod codeBase="L:/Repos/Slacker/SlackerTest/SlackerTest/bin/Debug/SlackerTest.DLL" adapterTypeName="Microsoft.VisualStudio.TestTools.TestTypes.Unit.UnitTestAdapter, Microsoft.VisualStudio.QualityTools.Tips.UnitTest.Adapter, Version=10.0.0.0, Culture=neutral, PublicKeyToken=b03f5f7f11d50a3a" className="SlackerTest.TimeEntryTest, SlackerTest, Version=1.0.0.0, Culture=neutral, PublicKeyToken=null" name="descriptionTest" />
    </UnitTest>
  </TestDefinitions>
  <TestLists>
    <TestList name="Results Not in a List" id="8c84fa94-04c1-424b-9868-57a2d4851a1d" />
    <TestList name="All Loaded Results" id="19431567-8539-422a-85d7-44ee4e166bda" />
  </TestLists>
  <TestEntries>
    <TestEntry testId="7bd46978-efe3-9a7a-c3e2-ac94d0f538c9" executionId="ff31e775-f48f-44f8-b33a-b39aaca0b6a3" testListId="8c84fa94-04c1-424b-9868-57a2d4851a1d" />
    <TestEntry testId="1515630d-dfcc-e989-ce78-8a06a9a18109" executionId="22044f7b-58eb-4bc2-94de-8728301cce60" testListId="8c84fa94-04c1-424b-9868-57a2d4851a1d" />
    <TestEntry testId="e6c5df60-e363-015d-5c16-215d0779b766" executionId="41a59b52-d524-49a8-b9ca-24b115884621" testListId="8c84fa94-04c1-424b-9868-57a2d4851a1d" />
    <TestEntry testId="dc2ad5d8-9c1d-b42a-fbf8-9c97bedf3bd7" executionId="2a91fcc8-6a22-43f2-a77f-3b1f250fbec5" testListId="8c84fa94-04c1-424b-9868-57a2d4851a1d" />
    <TestEntry testId="85e00895-cff5-7019-ac28-012a6dad24ff" executionId="48d3ae58-c647-4765-b054-3c6e8abacd82" testListId="8c84fa94-04c1-424b-9868-57a2d4851a1d" />
  </TestEntries>
  <Results>
    <UnitTestResult executionId="ff31e775-f48f-44f8-b33a-b39aaca0b6a3" testId="7bd46978-efe3-9a7a-c3e2-ac94d0f538c9" testName="jobIdTest" computerName="SKYCATCHER" duration="00:00:00.0114914" startTime="2014-02-10T19:01:23.9706661+10:00" endTime="2014-02-10T19:01:24.0876728+10:00" testType="13cdc9d9-ddb5-4fa4-a97d-d965ccfc6d4b" outcome="Passed" testListId="8c84fa94-04c1-424b-9868-57a2d4851a1d" relativeResultsDirectory="ff31e775-f48f-44f8-b33a-b39aaca0b6a3">
    </UnitTestResult>
    <UnitTestResult executionId="22044f7b-58eb-4bc2-94de-8728301cce60" testId="1515630d-dfcc-e989-ce78-8a06a9a18109" testName="descriptionTest" computerName="SKYCATCHER" duration="00:00:00.0002149" startTime="2014-02-10T19:01:24.0886728+10:00" endTime="2014-02-10T19:01:24.0896729+10:00" testType="13cdc9d9-ddb5-4fa4-a97d-d965ccfc6d4b" outcome="Passed" testListId="8c84fa94-04c1-424b-9868-57a2d4851a1d" relativeResultsDirectory="22044f7b-58eb-4bc2-94de-8728301cce60">
    </UnitTestResult>
    <UnitTestResult executionId="41a59b52-d524-49a8-b9ca-24b115884621" testId="e6c5df60-e363-015d-5c16-215d0779b766" testName="dayTest" computerName="SKYCATCHER" duration="00:00:00.0034706" startTime="2014-02-10T19:01:24.0906730+10:00" endTime="2014-02-10T19:01:24.0956732+10:00" testType="13cdc9d9-ddb5-4fa4-a97d-d965ccfc6d4b" outcome="Inconclusive" testListId="8c84fa94-04c1-424b-9868-57a2d4851a1d" relativeResultsDirectory="41a59b52-d524-49a8-b9ca-24b115884621">
      <Output>
        <ErrorInfo>
          <Message>Assert.Inconclusive failed. Verify the correctness of this test method.</Message>
          <StackTrace>   at SlackerTest.TimeEntryTest.dayTest() in L:\Repos\Slacker\SlackerTest\SlackerTest\TimeEntryTest.cs:line 107
</StackTrace>
        </ErrorInfo>
      </Output>
    </UnitTestResult>
    <UnitTestResult executionId="2a91fcc8-6a22-43f2-a77f-3b1f250fbec5" testId="dc2ad5d8-9c1d-b42a-fbf8-9c97bedf3bd7" testName="hoursTest" computerName="SKYCATCHER" duration="00:00:00.0002352" startTime="2014-02-10T19:01:24.0956732+10:00" endTime="2014-02-10T19:01:24.0976734+10:00" testType="13cdc9d9-ddb5-4fa4-a97d-d965ccfc6d4b" outcome="Passed" testListId="8c84fa94-04c1-424b-9868-57a2d4851a1d" relativeResultsDirectory="2a91fcc8-6a22-43f2-a77f-3b1f250fbec5">
    </UnitTestResult>
    <UnitTestResult executionId="48d3ae58-c647-4765-b054-3c6e8abacd82" testId="85e00895-cff5-7019-ac28-012a6dad24ff" testName="TimeEntryConstructorTest" computerName="SKYCATCHER" duration="00:00:00.0145707" startTime="2014-02-10T19:01:24.0986734+10:00" endTime="2014-02-10T19:01:24.1146743+10:00" testType="13cdc9d9-ddb5-4fa4-a97d-d965ccfc6d4b" outcome="Failed" testListId="8c84fa94-04c1-424b-9868-57a2d4851a1d" relativeResultsDirectory="48d3ae58-c647-4765-b054-3c6e8abacd82">
      <Output>
        <ErrorInfo>
          <Message>Assert.AreEqual failed. Expected:&lt;(null)&gt;. Actual:&lt;&gt;. </Message>
          <StackTrace>   at SlackerTest.TimeEntryTest.TimeEntryConstructorTest() in L:\Repos\Slacker\SlackerTest\SlackerTest\TimeEntryTest.cs:line 131
</StackTrace>
        </ErrorInfo>
      </Output>
    </UnitTestResult>
  </Results>
</TestRun>