<?xml version="1.0" encoding="UTF-8"?>
<TestRun id="0ae3f9a4-8016-4327-8478-8da11be7e730" name="Alex@SKYCATCHER 2014-02-10 19:08:02" runUser="SKYCATCHER\Alex" xmlns="http://microsoft.com/schemas/VisualStudio/TeamTest/2010">
  <TestSettings name="Default Test Settings" id="8f1ba64e-8288-4383-af91-d42f119f5d39">
    <Deployment runDeploymentRoot="Alex_SKYCATCHER 2014-02-10 19_08_02">
      <DeploymentItem filename="L:\Repos\Slacker\Slacker\Slacker\bin\Debug\Slacker.exe" />
    </Deployment>
    <Execution>
      <TestTypeSpecific />
      <AgentRule name="Execution Agents">
      </AgentRule>
    </Execution>
  </TestSettings>
  <Times creation="2014-02-10T19:08:02.1524408+10:00" queuing="2014-02-10T19:08:02.2084440+10:00" start="2014-02-10T19:08:02.2124442+10:00" finish="2014-02-10T19:08:02.3534523+10:00" />
  <ResultSummary outcome="Completed">
    <Counters total="7" executed="7" passed="7" error="0" failed="0" timeout="0" aborted="0" inconclusive="0" passedButRunAborted="0" notRunnable="0" notExecuted="0" disconnected="0" warning="0" completed="0" inProgress="0" pending="0" />
  </ResultSummary>
  <TestDefinitions>
    <UnitTest name="testAcceptableHours" storage="l:\repos\slacker\slackertest\slackertest\bin\debug\slackertest.dll" id="3e687928-8abe-35b5-015e-de36195b5b0e">
      <Execution id="bc7eaca7-9b00-497b-8fb3-9ebb1181e943" />
      <TestMethod codeBase="L:/Repos/Slacker/SlackerTest/SlackerTest/bin/Debug/SlackerTest.DLL" adapterTypeName="Microsoft.VisualStudio.TestTools.TestTypes.Unit.UnitTestAdapter, Microsoft.VisualStudio.QualityTools.Tips.UnitTest.Adapter, Version=10.0.0.0, Culture=neutral, PublicKeyToken=b03f5f7f11d50a3a" className="SlackerTest.TimeEntryTest, SlackerTest, Version=1.0.0.0, Culture=neutral, PublicKeyToken=null" name="testAcceptableHours" />
    </UnitTest>
    <UnitTest name="testHours" storage="l:\repos\slacker\slackertest\slackertest\bin\debug\slackertest.dll" id="29c3cfd3-8261-b794-e9ad-7e9a562ae4b5">
      <Execution id="061d8ee6-b2aa-464c-ac6b-f669fadfde9a" />
      <TestMethod codeBase="L:/Repos/Slacker/SlackerTest/SlackerTest/bin/Debug/SlackerTest.DLL" adapterTypeName="Microsoft.VisualStudio.TestTools.TestTypes.Unit.UnitTestAdapter, Microsoft.VisualStudio.QualityTools.Tips.UnitTest.Adapter, Version=10.0.0.0, Culture=neutral, PublicKeyToken=b03f5f7f11d50a3a" className="SlackerTest.TimeEntryTest, SlackerTest, Version=1.0.0.0, Culture=neutral, PublicKeyToken=null" name="testHours" />
    </UnitTest>
    <UnitTest name="TestMethod1" storage="l:\repos\slacker\slackertest\slackertest\bin\debug\slackertest.dll" id="70d25da6-e015-14d8-20bd-2af15a0e316b">
      <Execution id="c98f63c2-fb32-4dff-ba19-beac85f65137" />
      <TestMethod codeBase="L:/Repos/Slacker/SlackerTest/SlackerTest/bin/Debug/SlackerTest.DLL" adapterTypeName="Microsoft.VisualStudio.TestTools.TestTypes.Unit.UnitTestAdapter, Microsoft.VisualStudio.QualityTools.Tips.UnitTest.Adapter, Version=10.0.0.0, Culture=neutral, PublicKeyToken=b03f5f7f11d50a3a" className="SlackerTest.UnitTest1, SlackerTest, Version=1.0.0.0, Culture=neutral, PublicKeyToken=null" name="TestMethod1" />
    </UnitTest>
    <UnitTest name="TimeEntryConstructorTest" storage="l:\repos\slacker\slackertest\slackertest\bin\debug\slackertest.dll" id="85e00895-cff5-7019-ac28-012a6dad24ff">
      <Execution id="366bcce1-77db-4dcf-a98a-4d1b434c2411" />
      <TestMethod codeBase="L:/Repos/Slacker/SlackerTest/SlackerTest/bin/Debug/SlackerTest.DLL" adapterTypeName="Microsoft.VisualStudio.TestTools.TestTypes.Unit.UnitTestAdapter, Microsoft.VisualStudio.QualityTools.Tips.UnitTest.Adapter, Version=10.0.0.0, Culture=neutral, PublicKeyToken=b03f5f7f11d50a3a" className="SlackerTest.TimeEntryTest, SlackerTest, Version=1.0.0.0, Culture=neutral, PublicKeyToken=null" name="TimeEntryConstructorTest" />
    </UnitTest>
    <UnitTest name="testDescription" storage="l:\repos\slacker\slackertest\slackertest\bin\debug\slackertest.dll" id="d9065db3-2e5f-ea16-dd71-db848d77eae5">
      <Execution id="30476b18-b6df-45d8-8bc6-7123e021c088" />
      <TestMethod codeBase="L:/Repos/Slacker/SlackerTest/SlackerTest/bin/Debug/SlackerTest.DLL" adapterTypeName="Microsoft.VisualStudio.TestTools.TestTypes.Unit.UnitTestAdapter, Microsoft.VisualStudio.QualityTools.Tips.UnitTest.Adapter, Version=10.0.0.0, Culture=neutral, PublicKeyToken=b03f5f7f11d50a3a" className="SlackerTest.TimeEntryTest, SlackerTest, Version=1.0.0.0, Culture=neutral, PublicKeyToken=null" name="testDescription" />
    </UnitTest>
    <UnitTest name="testDay" storage="l:\repos\slacker\slackertest\slackertest\bin\debug\slackertest.dll" id="17593d7e-332d-df4e-bc93-e33c1ebc4b56">
      <Execution id="80985648-9560-466d-8707-dbbc38a23d18" />
      <TestMethod codeBase="L:/Repos/Slacker/SlackerTest/SlackerTest/bin/Debug/SlackerTest.DLL" adapterTypeName="Microsoft.VisualStudio.TestTools.TestTypes.Unit.UnitTestAdapter, Microsoft.VisualStudio.QualityTools.Tips.UnitTest.Adapter, Version=10.0.0.0, Culture=neutral, PublicKeyToken=b03f5f7f11d50a3a" className="SlackerTest.TimeEntryTest, SlackerTest, Version=1.0.0.0, Culture=neutral, PublicKeyToken=null" name="testDay" />
    </UnitTest>
    <UnitTest name="testJobId" storage="l:\repos\slacker\slackertest\slackertest\bin\debug\slackertest.dll" id="f0b5b255-f537-173e-4eda-0259f889f2c5">
      <Execution id="038080e8-23b6-4d98-90d2-5c6d53157036" />
      <TestMethod codeBase="L:/Repos/Slacker/SlackerTest/SlackerTest/bin/Debug/SlackerTest.DLL" adapterTypeName="Microsoft.VisualStudio.TestTools.TestTypes.Unit.UnitTestAdapter, Microsoft.VisualStudio.QualityTools.Tips.UnitTest.Adapter, Version=10.0.0.0, Culture=neutral, PublicKeyToken=b03f5f7f11d50a3a" className="SlackerTest.TimeEntryTest, SlackerTest, Version=1.0.0.0, Culture=neutral, PublicKeyToken=null" name="testJobId" />
    </UnitTest>
  </TestDefinitions>
  <TestLists>
    <TestList name="Results Not in a List" id="8c84fa94-04c1-424b-9868-57a2d4851a1d" />
    <TestList name="All Loaded Results" id="19431567-8539-422a-85d7-44ee4e166bda" />
  </TestLists>
  <TestEntries>
    <TestEntry testId="17593d7e-332d-df4e-bc93-e33c1ebc4b56" executionId="80985648-9560-466d-8707-dbbc38a23d18" testListId="8c84fa94-04c1-424b-9868-57a2d4851a1d" />
    <TestEntry testId="29c3cfd3-8261-b794-e9ad-7e9a562ae4b5" executionId="061d8ee6-b2aa-464c-ac6b-f669fadfde9a" testListId="8c84fa94-04c1-424b-9868-57a2d4851a1d" />
    <TestEntry testId="3e687928-8abe-35b5-015e-de36195b5b0e" executionId="bc7eaca7-9b00-497b-8fb3-9ebb1181e943" testListId="8c84fa94-04c1-424b-9868-57a2d4851a1d" />
    <TestEntry testId="70d25da6-e015-14d8-20bd-2af15a0e316b" executionId="c98f63c2-fb32-4dff-ba19-beac85f65137" testListId="8c84fa94-04c1-424b-9868-57a2d4851a1d" />
    <TestEntry testId="85e00895-cff5-7019-ac28-012a6dad24ff" executionId="366bcce1-77db-4dcf-a98a-4d1b434c2411" testListId="8c84fa94-04c1-424b-9868-57a2d4851a1d" />
    <TestEntry testId="d9065db3-2e5f-ea16-dd71-db848d77eae5" executionId="30476b18-b6df-45d8-8bc6-7123e021c088" testListId="8c84fa94-04c1-424b-9868-57a2d4851a1d" />
    <TestEntry testId="f0b5b255-f537-173e-4eda-0259f889f2c5" executionId="038080e8-23b6-4d98-90d2-5c6d53157036" testListId="8c84fa94-04c1-424b-9868-57a2d4851a1d" />
  </TestEntries>
  <Results>
    <UnitTestResult executionId="80985648-9560-466d-8707-dbbc38a23d18" testId="17593d7e-332d-df4e-bc93-e33c1ebc4b56" testName="testDay" computerName="SKYCATCHER" duration="00:00:00.0113893" startTime="2014-02-10T19:08:02.2134443+10:00" endTime="2014-02-10T19:08:02.3324511+10:00" testType="13cdc9d9-ddb5-4fa4-a97d-d965ccfc6d4b" outcome="Passed" testListId="8c84fa94-04c1-424b-9868-57a2d4851a1d" relativeResultsDirectory="80985648-9560-466d-8707-dbbc38a23d18">
    </UnitTestResult>
    <UnitTestResult executionId="061d8ee6-b2aa-464c-ac6b-f669fadfde9a" testId="29c3cfd3-8261-b794-e9ad-7e9a562ae4b5" testName="testHours" computerName="SKYCATCHER" duration="00:00:00.0002569" startTime="2014-02-10T19:08:02.3324511+10:00" endTime="2014-02-10T19:08:02.3344512+10:00" testType="13cdc9d9-ddb5-4fa4-a97d-d965ccfc6d4b" outcome="Passed" testListId="8c84fa94-04c1-424b-9868-57a2d4851a1d" relativeResultsDirectory="061d8ee6-b2aa-464c-ac6b-f669fadfde9a">
    </UnitTestResult>
    <UnitTestResult executionId="bc7eaca7-9b00-497b-8fb3-9ebb1181e943" testId="3e687928-8abe-35b5-015e-de36195b5b0e" testName="testAcceptableHours" computerName="SKYCATCHER" duration="00:00:00.0001379" startTime="2014-02-10T19:08:02.3354513+10:00" endTime="2014-02-10T19:08:02.3364513+10:00" testType="13cdc9d9-ddb5-4fa4-a97d-d965ccfc6d4b" outcome="Passed" testListId="8c84fa94-04c1-424b-9868-57a2d4851a1d" relativeResultsDirectory="bc7eaca7-9b00-497b-8fb3-9ebb1181e943">
    </UnitTestResult>
    <UnitTestResult executionId="c98f63c2-fb32-4dff-ba19-beac85f65137" testId="70d25da6-e015-14d8-20bd-2af15a0e316b" testName="TestMethod1" computerName="SKYCATCHER" duration="00:00:00.0001132" startTime="2014-02-10T19:08:02.3364513+10:00" endTime="2014-02-10T19:08:02.3384514+10:00" testType="13cdc9d9-ddb5-4fa4-a97d-d965ccfc6d4b" outcome="Passed" testListId="8c84fa94-04c1-424b-9868-57a2d4851a1d" relativeResultsDirectory="c98f63c2-fb32-4dff-ba19-beac85f65137">
    </UnitTestResult>
    <UnitTestResult executionId="366bcce1-77db-4dcf-a98a-4d1b434c2411" testId="85e00895-cff5-7019-ac28-012a6dad24ff" testName="TimeEntryConstructorTest" computerName="SKYCATCHER" duration="00:00:00.0003076" startTime="2014-02-10T19:08:02.3384514+10:00" endTime="2014-02-10T19:08:02.3404515+10:00" testType="13cdc9d9-ddb5-4fa4-a97d-d965ccfc6d4b" outcome="Passed" testListId="8c84fa94-04c1-424b-9868-57a2d4851a1d" relativeResultsDirectory="366bcce1-77db-4dcf-a98a-4d1b434c2411">
    </UnitTestResult>
    <UnitTestResult executionId="30476b18-b6df-45d8-8bc6-7123e021c088" testId="d9065db3-2e5f-ea16-dd71-db848d77eae5" testName="testDescription" computerName="SKYCATCHER" duration="00:00:00.0001684" startTime="2014-02-10T19:08:02.3414516+10:00" endTime="2014-02-10T19:08:02.3424517+10:00" testType="13cdc9d9-ddb5-4fa4-a97d-d965ccfc6d4b" outcome="Passed" testListId="8c84fa94-04c1-424b-9868-57a2d4851a1d" relativeResultsDirectory="30476b18-b6df-45d8-8bc6-7123e021c088">
    </UnitTestResult>
    <UnitTestResult executionId="038080e8-23b6-4d98-90d2-5c6d53157036" testId="f0b5b255-f537-173e-4eda-0259f889f2c5" testName="testJobId" computerName="SKYCATCHER" duration="00:00:00.0001877" startTime="2014-02-10T19:08:02.3434517+10:00" endTime="2014-02-10T19:08:02.3454518+10:00" testType="13cdc9d9-ddb5-4fa4-a97d-d965ccfc6d4b" outcome="Passed" testListId="8c84fa94-04c1-424b-9868-57a2d4851a1d" relativeResultsDirectory="038080e8-23b6-4d98-90d2-5c6d53157036">
    </UnitTestResult>
  </Results>
</TestRun>