<?xml version="1.0" encoding="UTF-8"?>
<TestRun id="e91a514c-10bc-4fc2-aae5-dacaf73eae5e" name="Alex@SKYCATCHER 2014-02-10 18:54:20" runUser="SKYCATCHER\Alex" xmlns="http://microsoft.com/schemas/VisualStudio/TeamTest/2010">
  <TestSettings name="Default Test Settings" id="de67ff2b-f24a-4005-807c-279d6c8ac69d">
    <Execution>
      <TestTypeSpecific />
      <AgentRule name="Execution Agents">
      </AgentRule>
    </Execution>
    <Deployment runDeploymentRoot="Alex_SKYCATCHER 2014-02-10 18_54_20" />
  </TestSettings>
  <Times creation="2014-02-10T18:54:20.0154172+10:00" queuing="2014-02-10T18:54:21.2434875+10:00" start="2014-02-10T18:54:21.4204976+10:00" finish="2014-02-10T18:54:28.5729067+10:00" />
  <ResultSummary outcome="Error">
    <Counters total="1" executed="1" error="0" failed="0" timeout="0" aborted="1" inconclusive="0" passedButRunAborted="0" notRunnable="0" notExecuted="0" disconnected="0" warning="0" passed="0" completed="0" inProgress="0" pending="0" />
    <RunInfos>
      <RunInfo computerName="SKYCATCHER" outcome="Error" timestamp="2014-02-10T18:54:28.5649062+10:00">
        <Text>Test host process exited unexpectedly.</Text>
      </RunInfo>
    </RunInfos>
  </ResultSummary>
  <TestDefinitions>
    <UnitTest name="TestMethod1" storage="l:\repos\slacker\slackertest\slackertest\bin\debug\slackertest.dll" id="70d25da6-e015-14d8-20bd-2af15a0e316b">
      <Execution id="dc5c5514-916b-41d9-80fa-be111ef2bba0" />
      <TestMethod codeBase="L:/Repos/Slacker/SlackerTest/SlackerTest/bin/Debug/SlackerTest.DLL" adapterTypeName="Microsoft.VisualStudio.TestTools.TestTypes.Unit.UnitTestAdapter, Microsoft.VisualStudio.QualityTools.Tips.UnitTest.Adapter, Version=10.0.0.0, Culture=neutral, PublicKeyToken=b03f5f7f11d50a3a" className="SlackerTest.UnitTest1, SlackerTest, Version=1.0.0.0, Culture=neutral, PublicKeyToken=null" name="TestMethod1" />
    </UnitTest>
  </TestDefinitions>
  <TestLists>
    <TestList name="Results Not in a List" id="8c84fa94-04c1-424b-9868-57a2d4851a1d" />
    <TestList name="All Loaded Results" id="19431567-8539-422a-85d7-44ee4e166bda" />
  </TestLists>
  <TestEntries>
    <TestEntry testId="70d25da6-e015-14d8-20bd-2af15a0e316b" executionId="dc5c5514-916b-41d9-80fa-be111ef2bba0" testListId="8c84fa94-04c1-424b-9868-57a2d4851a1d" />
  </TestEntries>
  <Results>
    <UnitTestResult executionId="dc5c5514-916b-41d9-80fa-be111ef2bba0" testId="70d25da6-e015-14d8-20bd-2af15a0e316b" testName="TestMethod1" computerName="SKYCATCHER" duration="00:00:07.0934057" startTime="2014-02-10T18:54:21.4795010+10:00" endTime="2014-02-10T18:54:28.5729067+10:00" testType="13cdc9d9-ddb5-4fa4-a97d-d965ccfc6d4b" outcome="Aborted" testListId="8c84fa94-04c1-424b-9868-57a2d4851a1d" relativeResultsDirectory="dc5c5514-916b-41d9-80fa-be111ef2bba0">
    </UnitTestResult>
  </Results>
</TestRun>